<?xml version="1.0" encoding="UTF-8"?>
<!-- Generated by org.testng.reporters.JUnitReportReporter -->
<testsuite skipped="0" hostname="LM-SYD-00321316" name="Redbus" tests="1" failures="0" timestamp="20 Dec 2017 07:06:37 GMT" time="34.551" errors="0">
  <testcase name="test" time="34.551" classname="Redbus"/>
</testsuite> <!-- Redbus -->
